0 info it worked if it ends with ok
1 verbose cli [ '/usr/bin/nodejs', '/usr/bin/npm', 'i', '-g', 'bower' ]
2 info using npm@2.15.9
3 info using node@v4.6.1
4 verbose install initial load of /usr/lib/package.json
5 verbose readDependencies loading dependencies from /usr/lib/package.json
6 silly cache add args [ 'bower', null ]
7 verbose cache add spec bower
8 silly cache add parsed spec Result {
8 silly cache add   raw: 'bower',
8 silly cache add   scope: null,
8 silly cache add   name: 'bower',
8 silly cache add   rawSpec: '',
8 silly cache add   spec: 'latest',
8 silly cache add   type: 'tag' }
9 silly addNamed bower@latest
10 verbose addNamed "latest" is being treated as a dist-tag for bower
11 info addNameTag [ 'bower', 'latest' ]
12 silly mapToRegistry name bower
13 silly mapToRegistry using default registry
14 silly mapToRegistry registry https://registry.npmjs.org/
15 silly mapToRegistry data Result {
15 silly mapToRegistry   raw: 'bower',
15 silly mapToRegistry   scope: null,
15 silly mapToRegistry   name: 'bower',
15 silly mapToRegistry   rawSpec: '',
15 silly mapToRegistry   spec: 'latest',
15 silly mapToRegistry   type: 'tag' }
16 silly mapToRegistry uri https://registry.npmjs.org/bower
17 verbose addNameTag registry:https://registry.npmjs.org/bower not in flight; fetching
18 verbose request uri https://registry.npmjs.org/bower
19 verbose request no auth needed
20 info attempt registry request try #1 at 4:52:45 PM
21 verbose request id 5ccde3ccd75dda87
22 verbose etag "1M5C6HOINZO0SB69Q0CBGM5ZS"
23 http request GET https://registry.npmjs.org/bower
24 http 200 https://registry.npmjs.org/bower
25 verbose headers { server: 'CouchDB/1.5.0 (Erlang OTP/R16B03)',
25 verbose headers   etag: '"CFBAST7CHJ9HJ6ILJVYWX6WRI"',
25 verbose headers   'content-type': 'application/json',
25 verbose headers   'content-encoding': 'gzip',
25 verbose headers   'cache-control': 'max-age=300',
25 verbose headers   'content-length': '21015',
25 verbose headers   'accept-ranges': 'bytes',
25 verbose headers   date: 'Wed, 09 Nov 2016 16:52:46 GMT',
25 verbose headers   via: '1.1 varnish',
25 verbose headers   age: '134',
25 verbose headers   connection: 'keep-alive',
25 verbose headers   'x-served-by': 'cache-iad2637-IAD',
25 verbose headers   'x-cache': 'HIT',
25 verbose headers   'x-cache-hits': '1',
25 verbose headers   'x-timer': 'S1478710366.093606,VS0,VE0',
25 verbose headers   vary: 'Accept-Encoding' }
26 silly get cb [ 200,
26 silly get   { server: 'CouchDB/1.5.0 (Erlang OTP/R16B03)',
26 silly get     etag: '"CFBAST7CHJ9HJ6ILJVYWX6WRI"',
26 silly get     'content-type': 'application/json',
26 silly get     'content-encoding': 'gzip',
26 silly get     'cache-control': 'max-age=300',
26 silly get     'content-length': '21015',
26 silly get     'accept-ranges': 'bytes',
26 silly get     date: 'Wed, 09 Nov 2016 16:52:46 GMT',
26 silly get     via: '1.1 varnish',
26 silly get     age: '134',
26 silly get     connection: 'keep-alive',
26 silly get     'x-served-by': 'cache-iad2637-IAD',
26 silly get     'x-cache': 'HIT',
26 silly get     'x-cache-hits': '1',
26 silly get     'x-timer': 'S1478710366.093606,VS0,VE0',
26 silly get     vary: 'Accept-Encoding' } ]
27 verbose get saving bower to /home/mike/.npm/registry.npmjs.org/bower/.cache.json
28 verbose correctMkdir /home/mike/.npm correctMkdir not in flight; initializing
29 silly addNameTag next cb for bower with tag latest
30 silly addNamed bower@1.8.0
31 verbose addNamed "1.8.0" is a plain semver version for bower
32 silly mapToRegistry name bower
33 silly mapToRegistry using default registry
34 silly mapToRegistry registry https://registry.npmjs.org/
35 silly mapToRegistry data Result {
35 silly mapToRegistry   raw: 'bower',
35 silly mapToRegistry   scope: null,
35 silly mapToRegistry   name: 'bower',
35 silly mapToRegistry   rawSpec: '',
35 silly mapToRegistry   spec: 'latest',
35 silly mapToRegistry   type: 'tag' }
36 silly mapToRegistry uri https://registry.npmjs.org/bower
37 verbose addRemoteTarball https://registry.npmjs.org/bower/-/bower-1.8.0.tgz not in flight; adding
38 verbose addRemoteTarball [ 'https://registry.npmjs.org/bower/-/bower-1.8.0.tgz',
38 verbose addRemoteTarball   '55dbebef0ad9155382d9e9d3e497c1372345b44a' ]
39 info retry fetch attempt 1 at 4:52:46 PM
40 info attempt registry request try #1 at 4:52:46 PM
41 http fetch GET https://registry.npmjs.org/bower/-/bower-1.8.0.tgz
42 http fetch 200 https://registry.npmjs.org/bower/-/bower-1.8.0.tgz
43 silly fetchAndShaCheck shasum 55dbebef0ad9155382d9e9d3e497c1372345b44a
44 verbose addTmpTarball /tmp/npm-17574-d75b0e2a/registry.npmjs.org/bower/-/bower-1.8.0.tgz not in flight; adding
45 verbose addTmpTarball already have metadata; skipping unpack for bower@1.8.0
46 verbose correctMkdir /home/mike/.npm correctMkdir not in flight; initializing
47 silly cache afterAdd bower@1.8.0
48 verbose afterAdd /home/mike/.npm/bower/1.8.0/package/package.json not in flight; writing
49 verbose correctMkdir /home/mike/.npm correctMkdir not in flight; initializing
50 verbose afterAdd /home/mike/.npm/bower/1.8.0/package/package.json written
51 silly install resolved [ { name: 'bower',
51 silly install resolved     version: '1.8.0',
51 silly install resolved     description: 'The browser package manager',
51 silly install resolved     author: { name: 'Twitter' },
51 silly install resolved     license: 'MIT',
51 silly install resolved     repository: { type: 'git', url: 'git+https://github.com/bower/bower.git' },
51 silly install resolved     main: 'lib',
51 silly install resolved     bin: { bower: 'bin/bower' },
51 silly install resolved     homepage: 'http://bower.io',
51 silly install resolved     engines: { node: '>=0.10.0' },
51 silly install resolved     keywords: [ 'bower' ],
51 silly install resolved     files: [ 'bin', 'lib' ],
51 silly install resolved     bugs: { url: 'https://github.com/bower/bower/issues' },
51 silly install resolved     _id: 'bower@1.8.0',
51 silly install resolved     scripts: {},
51 silly install resolved     _shasum: '55dbebef0ad9155382d9e9d3e497c1372345b44a',
51 silly install resolved     _from: 'bower@latest',
51 silly install resolved     _npmVersion: '3.10.9',
51 silly install resolved     _nodeVersion: '4.4.6',
51 silly install resolved     _npmUser: { name: 'sheerun', email: 'sheerun@sher.pl' },
51 silly install resolved     dist:
51 silly install resolved      { shasum: '55dbebef0ad9155382d9e9d3e497c1372345b44a',
51 silly install resolved        tarball: 'https://registry.npmjs.org/bower/-/bower-1.8.0.tgz' },
51 silly install resolved     maintainers:
51 silly install resolved      [ [Object],
51 silly install resolved        [Object],
51 silly install resolved        [Object],
51 silly install resolved        [Object],
51 silly install resolved        [Object],
51 silly install resolved        [Object],
51 silly install resolved        [Object] ],
51 silly install resolved     _npmOperationalInternal:
51 silly install resolved      { host: 'packages-18-east.internal.npmjs.com',
51 silly install resolved        tmp: 'tmp/bower-1.8.0.tgz_1478512918020_0.7136248126626015' },
51 silly install resolved     directories: {},
51 silly install resolved     _resolved: 'https://registry.npmjs.org/bower/-/bower-1.8.0.tgz' } ]
52 info install bower@1.8.0 into /usr/lib
53 info installOne bower@1.8.0
54 verbose installOne of bower to /usr/lib not in flight; installing
55 verbose correctMkdir /home/mike/.npm/_locks correctMkdir not in flight; initializing
56 verbose lock using /home/mike/.npm/_locks/bower-f46d670cb56ecd4d.lock for /usr/lib/node_modules/bower
57 silly install write writing bower 1.8.0 to /usr/lib/node_modules/bower
58 verbose unbuild lib/node_modules/bower
59 info preuninstall bower@1.7.9
60 info uninstall bower@1.7.9
61 verbose unbuild rmStuff bower@1.7.9 from /usr/lib/node_modules
62 silly gentlyRm /usr/bin/bower is being gently removed
63 silly gentlyRm verifying /usr is an npm working directory
64 silly gentlyRm containing path /usr is under npm's control, in /usr
65 silly gentlyRm deletion target /usr/bin/bower is under /usr
66 verbose gentlyRm vacuuming from /usr/bin/bower up to /usr
67 silly vacuum-fs removing /usr/bin/bower
68 verbose unlock done using /home/mike/.npm/_locks/bower-f46d670cb56ecd4d.lock for /usr/lib/node_modules/bower
69 verbose stack Error: EACCES: permission denied, unlink '/usr/bin/bower'
69 verbose stack     at Error (native)
70 verbose cwd /home/mike/Development/weather_data
71 error Linux 4.4.0-45-generic
72 error argv "/usr/bin/nodejs" "/usr/bin/npm" "i" "-g" "bower"
73 error node v4.6.1
74 error npm  v2.15.9
75 error path /usr/bin/bower
76 error code EACCES
77 error errno -13
78 error syscall unlink
79 error Error: EACCES: permission denied, unlink '/usr/bin/bower'
79 error     at Error (native)
79 error  { [Error: EACCES: permission denied, unlink '/usr/bin/bower']
79 error   errno: -13,
79 error   code: 'EACCES',
79 error   syscall: 'unlink',
79 error   path: '/usr/bin/bower' }
80 error Please try running this command again as root/Administrator.
81 verbose exit [ -13, true ]
82 verbose unbuild lib/node_modules/bower
83 info preuninstall bower@1.7.9
84 info uninstall bower@1.7.9
85 verbose unbuild rmStuff bower@1.7.9 from /usr/lib/node_modules
86 silly gentlyRm /usr/bin/bower is being gently removed
87 silly gentlyRm verifying /usr is an npm working directory
88 silly gentlyRm containing path /usr is under npm's control, in /usr
89 silly gentlyRm deletion target /usr/bin/bower is under /usr
90 verbose gentlyRm vacuuming from /usr/bin/bower up to /usr
91 silly vacuum-fs removing /usr/bin/bower
92 error error rolling back Error: EACCES: permission denied, unlink '/usr/bin/bower'
92 error error rolling back     at Error (native)
92 error error rolling back  { [Error: EACCES: permission denied, unlink '/usr/bin/bower']
92 error error rolling back   errno: -13,
92 error error rolling back   code: 'EACCES',
92 error error rolling back   syscall: 'unlink',
92 error error rolling back   path: '/usr/bin/bower' }
